<?xml version="1.0" encoding="UTF-8"?>
<testng-results skipped="0" failed="0" ignored="0" total="1" passed="1">
  <reporter-output>
  </reporter-output>
  <suite name="Default suite" duration-ms="16974" started-at="2020-08-25T02:44:32Z" finished-at="2020-08-25T02:44:49Z">
    <groups>
    </groups>
    <test name="Default test" duration-ms="16974" started-at="2020-08-25T02:44:32Z" finished-at="2020-08-25T02:44:49Z">
      <class name="com.training.sanity.tests.TestCase_2">
        <test-method status="PASS" signature="setUpBeforeClass()[pri:0, instance:com.training.sanity.tests.TestCase_2@8a9f61]" name="setUpBeforeClass" is-config="true" duration-ms="20" started-at="2020-08-24T22:44:32Z" finished-at="2020-08-24T22:44:32Z">
          <reporter-output>
          </reporter-output>
        </test-method> <!-- setUpBeforeClass -->
        <test-method status="PASS" signature="setUp()[pri:0, instance:com.training.sanity.tests.TestCase_2@8a9f61]" name="setUp" is-config="true" duration-ms="8795" started-at="2020-08-24T22:44:32Z" finished-at="2020-08-24T22:44:41Z">
          <reporter-output>
          </reporter-output>
        </test-method> <!-- setUp -->
        <test-method status="PASS" signature="validLoginTest()[pri:1, instance:com.training.sanity.tests.TestCase_2@8a9f61]" name="validLoginTest" duration-ms="6299" started-at="2020-08-24T22:44:41Z" finished-at="2020-08-24T22:44:47Z">
          <reporter-output>
          </reporter-output>
        </test-method> <!-- validLoginTest -->
        <test-method status="PASS" signature="tearDown()[pri:0, instance:com.training.sanity.tests.TestCase_2@8a9f61]" name="tearDown" is-config="true" duration-ms="1822" started-at="2020-08-24T22:44:47Z" finished-at="2020-08-24T22:44:49Z">
          <reporter-output>
          </reporter-output>
        </test-method> <!-- tearDown -->
      </class> <!-- com.training.sanity.tests.TestCase_2 -->
    </test> <!-- Default test -->
  </suite> <!-- Default suite -->
</testng-results>
