<?xml version="1.0" encoding="UTF-8"?>
<!-- Generated by org.testng.reporters.JUnitXMLReporter -->
<testsuite hostname="DESKTOP-LI3S5DK" ignored="0" name="Default test" tests="2" failures="0" timestamp="26 Aug 2020 04:32:56 GMT" time="23.958" errors="0">
  <testcase name="validLoginTest" time="2.418" classname="com.training.sanity.tests.Medium_TestCase"/>
  <testcase name="MediumTestCase_1" time="8.6" classname="com.training.sanity.tests.Medium_TestCase"/>
</testsuite> <!-- Default test -->
